<?xml version="1.0" encoding="UTF-8"?>
<!-- Generated by org.testng.reporters.JUnitXMLReporter -->
<testsuite ignored="0" hostname="LAPTOP-B6R378P8" failures="0" tests="4" name="Test" time="112.053" errors="0" timestamp="2020-04-05T23:50:48 IST">
  <testcase classname="MyAcademy.HomePage" name="basePageNavigation" time="36.369"/>
  <testcase classname="MyAcademy.HomePage" name="basePageNavigation" time="21.752"/>
  <testcase classname="MyAcademy.ValidateTitle" name="basePageNavigation" time="0.378"/>
  <testcase classname="MyAcademy.ValidateNavigationBar" name="basePageNavigation" time="0.719"/>
</testsuite> <!-- Test -->
