<?xml version="1.0" encoding="UTF-8"?>
<!-- Generated by org.testng.reporters.JUnitXMLReporter -->
<testsuite hostname="LAPTOP-B6R378P8" ignored="0" name="Test" tests="4" failures="0" timestamp="2020-04-06T18:15:15 IST" time="172.766" errors="0">
  <testcase name="basePageNavigation" time="40.475" classname="MyAcademy.HomePage"/>
  <testcase name="basePageNavigation" time="16.825" classname="MyAcademy.HomePage"/>
  <testcase name="basePageNavigation" time="0.106" classname="MyAcademy.ValidateTitle"/>
  <testcase name="basePageNavigation" time="1.203" classname="MyAcademy.ValidateNavigationBar"/>
</testsuite> <!-- Test -->
